running egg_info
writing ../../build/create3_msg_transfer/create3_msg_transfer.egg-info/PKG-INFO
writing dependency_links to ../../build/create3_msg_transfer/create3_msg_transfer.egg-info/dependency_links.txt
writing entry points to ../../build/create3_msg_transfer/create3_msg_transfer.egg-info/entry_points.txt
writing requirements to ../../build/create3_msg_transfer/create3_msg_transfer.egg-info/requires.txt
writing top-level names to ../../build/create3_msg_transfer/create3_msg_transfer.egg-info/top_level.txt
reading manifest file '../../build/create3_msg_transfer/create3_msg_transfer.egg-info/SOURCES.txt'
writing manifest file '../../build/create3_msg_transfer/create3_msg_transfer.egg-info/SOURCES.txt'
running build
running build_py
copying create3_msg_transfer/battery_state_subscriber.py -> /home/evolveros1/create3_main/build/create3_msg_transfer/build/lib/create3_msg_transfer
copying create3_msg_transfer/__init__.py -> /home/evolveros1/create3_main/build/create3_msg_transfer/build/lib/create3_msg_transfer
running install
running install_lib
copying /home/evolveros1/create3_main/build/create3_msg_transfer/build/lib/create3_msg_transfer/battery_state_subscriber.py -> /home/evolveros1/create3_main/install/create3_msg_transfer/lib/python3.10/site-packages/create3_msg_transfer
copying /home/evolveros1/create3_main/build/create3_msg_transfer/build/lib/create3_msg_transfer/__init__.py -> /home/evolveros1/create3_main/install/create3_msg_transfer/lib/python3.10/site-packages/create3_msg_transfer
byte-compiling /home/evolveros1/create3_main/install/create3_msg_transfer/lib/python3.10/site-packages/create3_msg_transfer/battery_state_subscriber.py to battery_state_subscriber.cpython-310.pyc
byte-compiling /home/evolveros1/create3_main/install/create3_msg_transfer/lib/python3.10/site-packages/create3_msg_transfer/__init__.py to __init__.cpython-310.pyc
running install_data
running install_egg_info
removing '/home/evolveros1/create3_main/install/create3_msg_transfer/lib/python3.10/site-packages/create3_msg_transfer-0.0.0-py3.10.egg-info' (and everything under it)
Copying ../../build/create3_msg_transfer/create3_msg_transfer.egg-info to /home/evolveros1/create3_main/install/create3_msg_transfer/lib/python3.10/site-packages/create3_msg_transfer-0.0.0-py3.10.egg-info
running install_scripts
Installing battery_state_subscriber script to /home/evolveros1/create3_main/install/create3_msg_transfer/lib/create3_msg_transfer
writing list of installed files to '/home/evolveros1/create3_main/build/create3_msg_transfer/install.log'
