/home/evolveros1/create3_main/install/create3_msg_transfer/lib/python3.10/site-packages/create3_msg_transfer/tf_subscriber.py
/home/evolveros1/create3_main/install/create3_msg_transfer/lib/python3.10/site-packages/create3_msg_transfer/battery_state_subscriber.py
/home/evolveros1/create3_main/install/create3_msg_transfer/lib/python3.10/site-packages/create3_msg_transfer/wheel_vels_subscriber.py
/home/evolveros1/create3_main/install/create3_msg_transfer/lib/python3.10/site-packages/create3_msg_transfer/wheel_ticks_subscriber.py
/home/evolveros1/create3_main/install/create3_msg_transfer/lib/python3.10/site-packages/create3_msg_transfer/kidnap_status_subscriber.py
/home/evolveros1/create3_main/install/create3_msg_transfer/lib/python3.10/site-packages/create3_msg_transfer/dock_status_subscriber.py
/home/evolveros1/create3_main/install/create3_msg_transfer/lib/python3.10/site-packages/create3_msg_transfer/mouse_subscriber.py
/home/evolveros1/create3_main/install/create3_msg_transfer/lib/python3.10/site-packages/create3_msg_transfer/ir_intensity_subscriber.py
/home/evolveros1/create3_main/install/create3_msg_transfer/lib/python3.10/site-packages/create3_msg_transfer/wheel_status_subscriber.py
/home/evolveros1/create3_main/install/create3_msg_transfer/lib/python3.10/site-packages/create3_msg_transfer/slip_status_subscriber.py
/home/evolveros1/create3_main/install/create3_msg_transfer/lib/python3.10/site-packages/create3_msg_transfer/imu_subscriber.py
/home/evolveros1/create3_main/install/create3_msg_transfer/lib/python3.10/site-packages/create3_msg_transfer/odom_subscriber.py
/home/evolveros1/create3_main/install/create3_msg_transfer/lib/python3.10/site-packages/create3_msg_transfer/cliff_intensity_subscriber.py
/home/evolveros1/create3_main/install/create3_msg_transfer/lib/python3.10/site-packages/create3_msg_transfer/stop_status_subscriber.py
/home/evolveros1/create3_main/install/create3_msg_transfer/lib/python3.10/site-packages/create3_msg_transfer/ir_opcode_subscriber.py
/home/evolveros1/create3_main/install/create3_msg_transfer/lib/python3.10/site-packages/create3_msg_transfer/__init__.py
/home/evolveros1/create3_main/install/create3_msg_transfer/lib/python3.10/site-packages/create3_msg_transfer/__pycache__/tf_subscriber.cpython-310.pyc
/home/evolveros1/create3_main/install/create3_msg_transfer/lib/python3.10/site-packages/create3_msg_transfer/__pycache__/battery_state_subscriber.cpython-310.pyc
/home/evolveros1/create3_main/install/create3_msg_transfer/lib/python3.10/site-packages/create3_msg_transfer/__pycache__/wheel_vels_subscriber.cpython-310.pyc
/home/evolveros1/create3_main/install/create3_msg_transfer/lib/python3.10/site-packages/create3_msg_transfer/__pycache__/wheel_ticks_subscriber.cpython-310.pyc
/home/evolveros1/create3_main/install/create3_msg_transfer/lib/python3.10/site-packages/create3_msg_transfer/__pycache__/kidnap_status_subscriber.cpython-310.pyc
/home/evolveros1/create3_main/install/create3_msg_transfer/lib/python3.10/site-packages/create3_msg_transfer/__pycache__/dock_status_subscriber.cpython-310.pyc
/home/evolveros1/create3_main/install/create3_msg_transfer/lib/python3.10/site-packages/create3_msg_transfer/__pycache__/mouse_subscriber.cpython-310.pyc
/home/evolveros1/create3_main/install/create3_msg_transfer/lib/python3.10/site-packages/create3_msg_transfer/__pycache__/ir_intensity_subscriber.cpython-310.pyc
/home/evolveros1/create3_main/install/create3_msg_transfer/lib/python3.10/site-packages/create3_msg_transfer/__pycache__/wheel_status_subscriber.cpython-310.pyc
/home/evolveros1/create3_main/install/create3_msg_transfer/lib/python3.10/site-packages/create3_msg_transfer/__pycache__/slip_status_subscriber.cpython-310.pyc
/home/evolveros1/create3_main/install/create3_msg_transfer/lib/python3.10/site-packages/create3_msg_transfer/__pycache__/imu_subscriber.cpython-310.pyc
/home/evolveros1/create3_main/install/create3_msg_transfer/lib/python3.10/site-packages/create3_msg_transfer/__pycache__/odom_subscriber.cpython-310.pyc
/home/evolveros1/create3_main/install/create3_msg_transfer/lib/python3.10/site-packages/create3_msg_transfer/__pycache__/cliff_intensity_subscriber.cpython-310.pyc
/home/evolveros1/create3_main/install/create3_msg_transfer/lib/python3.10/site-packages/create3_msg_transfer/__pycache__/stop_status_subscriber.cpython-310.pyc
/home/evolveros1/create3_main/install/create3_msg_transfer/lib/python3.10/site-packages/create3_msg_transfer/__pycache__/ir_opcode_subscriber.cpython-310.pyc
/home/evolveros1/create3_main/install/create3_msg_transfer/lib/python3.10/site-packages/create3_msg_transfer/__pycache__/__init__.cpython-310.pyc
/home/evolveros1/create3_main/install/create3_msg_transfer/share/ament_index/resource_index/packages/create3_msg_transfer
/home/evolveros1/create3_main/install/create3_msg_transfer/share/create3_msg_transfer/package.xml
/home/evolveros1/create3_main/install/create3_msg_transfer/share/create3_msg_transfer/launch/subscriber_launch.py
/home/evolveros1/create3_main/install/create3_msg_transfer/lib/python3.10/site-packages/create3_msg_transfer-0.0.0-py3.10.egg-info/top_level.txt
/home/evolveros1/create3_main/install/create3_msg_transfer/lib/python3.10/site-packages/create3_msg_transfer-0.0.0-py3.10.egg-info/dependency_links.txt
/home/evolveros1/create3_main/install/create3_msg_transfer/lib/python3.10/site-packages/create3_msg_transfer-0.0.0-py3.10.egg-info/entry_points.txt
/home/evolveros1/create3_main/install/create3_msg_transfer/lib/python3.10/site-packages/create3_msg_transfer-0.0.0-py3.10.egg-info/SOURCES.txt
/home/evolveros1/create3_main/install/create3_msg_transfer/lib/python3.10/site-packages/create3_msg_transfer-0.0.0-py3.10.egg-info/requires.txt
/home/evolveros1/create3_main/install/create3_msg_transfer/lib/python3.10/site-packages/create3_msg_transfer-0.0.0-py3.10.egg-info/PKG-INFO
/home/evolveros1/create3_main/install/create3_msg_transfer/lib/python3.10/site-packages/create3_msg_transfer-0.0.0-py3.10.egg-info/zip-safe
/home/evolveros1/create3_main/install/create3_msg_transfer/lib/create3_msg_transfer/battery_state_subscriber
/home/evolveros1/create3_main/install/create3_msg_transfer/lib/create3_msg_transfer/cliff_intensity_subscriber
/home/evolveros1/create3_main/install/create3_msg_transfer/lib/create3_msg_transfer/dock_status_subscriber
/home/evolveros1/create3_main/install/create3_msg_transfer/lib/create3_msg_transfer/imu_subscriber
/home/evolveros1/create3_main/install/create3_msg_transfer/lib/create3_msg_transfer/ir_intensity_subscriber
/home/evolveros1/create3_main/install/create3_msg_transfer/lib/create3_msg_transfer/ir_opcode_subscriber
/home/evolveros1/create3_main/install/create3_msg_transfer/lib/create3_msg_transfer/kidnap_status_subscriber
/home/evolveros1/create3_main/install/create3_msg_transfer/lib/create3_msg_transfer/mouse_subscriber
/home/evolveros1/create3_main/install/create3_msg_transfer/lib/create3_msg_transfer/odom_subscriber
/home/evolveros1/create3_main/install/create3_msg_transfer/lib/create3_msg_transfer/slip_status_subscriber
/home/evolveros1/create3_main/install/create3_msg_transfer/lib/create3_msg_transfer/stop_status_subscriber
/home/evolveros1/create3_main/install/create3_msg_transfer/lib/create3_msg_transfer/tf_subscriber
/home/evolveros1/create3_main/install/create3_msg_transfer/lib/create3_msg_transfer/wheel_status_subscriber
/home/evolveros1/create3_main/install/create3_msg_transfer/lib/create3_msg_transfer/wheel_ticks_subscriber
/home/evolveros1/create3_main/install/create3_msg_transfer/lib/create3_msg_transfer/wheel_vels_subscriber
