[2.521s] DEBUG:colcon:Command line arguments: ['/usr/bin/colcon', 'list', '-p', '--base-paths', '/home/evolveros1/create3_main']
[2.521s] DEBUG:colcon:Parsed command line arguments: Namespace(log_base=None, log_level=None, verb_name='list', build_base='build', ignore_user_meta=False, metas=['./colcon.meta'], base_paths=['/home/evolveros1/create3_main'], packages_ignore=None, packages_ignore_regex=None, paths=None, packages_up_to=None, packages_up_to_regex=None, packages_above=None, packages_above_and_dependencies=None, packages_above_depth=None, packages_select_by_dep=None, packages_skip_by_dep=None, packages_skip_up_to=None, packages_select_build_failed=False, packages_skip_build_finished=False, packages_select_test_failures=False, packages_skip_test_passed=False, packages_select=None, packages_skip=None, packages_select_regex=None, packages_skip_regex=None, packages_start=None, packages_end=None, allow_overriding=[], topological_order=False, names_only=False, paths_only=True, topological_graph=False, topological_graph_dot=False, topological_graph_density=False, topological_graph_legend=False, topological_graph_dot_cluster=False, topological_graph_dot_include_skipped=False, mixin_files=None, mixin=None, verb_parser=<colcon_mixin.mixin.mixin_argument.MixinArgumentDecorator object at 0x7efe784de8c0>, verb_extension=<colcon_package_information.verb.list.ListVerb object at 0x7efe77f17160>, main=<bound method ListVerb.main of <colcon_package_information.verb.list.ListVerb object at 0x7efe77f17160>>, mixin_verb=('list',))
[2.805s] Level 1:colcon.colcon_core.package_discovery:discover_packages(colcon_meta) check parameters
[2.805s] Level 1:colcon.colcon_core.package_discovery:discover_packages(recursive) check parameters
[2.805s] Level 1:colcon.colcon_core.package_discovery:discover_packages(ignore) check parameters
[2.805s] Level 1:colcon.colcon_core.package_discovery:discover_packages(path) check parameters
[2.805s] Level 1:colcon.colcon_core.package_discovery:discover_packages(recursive) discover
[2.805s] INFO:colcon.colcon_core.package_discovery:Crawling recursively for packages in '/home/evolveros1/create3_main'
[2.805s] Level 1:colcon.colcon_core.package_identification:_identify(/home/evolveros1/create3_main) by extensions ['ignore', 'ignore_ament_install']
[2.805s] Level 1:colcon.colcon_core.package_identification:_identify(/home/evolveros1/create3_main) by extension 'ignore'
[2.805s] Level 1:colcon.colcon_core.package_identification:_identify(/home/evolveros1/create3_main) by extension 'ignore_ament_install'
[2.805s] Level 1:colcon.colcon_core.package_identification:_identify(/home/evolveros1/create3_main) by extensions ['colcon_pkg']
[2.805s] Level 1:colcon.colcon_core.package_identification:_identify(/home/evolveros1/create3_main) by extension 'colcon_pkg'
[2.806s] Level 1:colcon.colcon_core.package_identification:_identify(/home/evolveros1/create3_main) by extensions ['colcon_meta']
[2.806s] Level 1:colcon.colcon_core.package_identification:_identify(/home/evolveros1/create3_main) by extension 'colcon_meta'
[2.806s] Level 1:colcon.colcon_core.package_identification:_identify(/home/evolveros1/create3_main) by extensions ['ros']
[2.806s] Level 1:colcon.colcon_core.package_identification:_identify(/home/evolveros1/create3_main) by extension 'ros'
[2.847s] Level 1:colcon.colcon_core.package_identification:_identify(/home/evolveros1/create3_main) by extensions ['cmake', 'python']
[2.847s] Level 1:colcon.colcon_core.package_identification:_identify(/home/evolveros1/create3_main) by extension 'cmake'
[2.847s] Level 1:colcon.colcon_core.package_identification:_identify(/home/evolveros1/create3_main) by extension 'python'
[2.847s] Level 1:colcon.colcon_core.package_identification:_identify(/home/evolveros1/create3_main) by extensions ['python_setup_py']
[2.847s] Level 1:colcon.colcon_core.package_identification:_identify(/home/evolveros1/create3_main) by extension 'python_setup_py'
[2.847s] Level 1:colcon.colcon_core.package_identification:_identify(/home/evolveros1/create3_main/build) by extensions ['ignore', 'ignore_ament_install']
[2.847s] Level 1:colcon.colcon_core.package_identification:_identify(/home/evolveros1/create3_main/build) by extension 'ignore'
[2.847s] Level 1:colcon.colcon_core.package_identification:_identify(/home/evolveros1/create3_main/build) ignored
[2.847s] Level 1:colcon.colcon_core.package_identification:_identify(/home/evolveros1/create3_main/install) by extensions ['ignore', 'ignore_ament_install']
[2.848s] Level 1:colcon.colcon_core.package_identification:_identify(/home/evolveros1/create3_main/install) by extension 'ignore'
[2.848s] Level 1:colcon.colcon_core.package_identification:_identify(/home/evolveros1/create3_main/install) ignored
[2.848s] Level 1:colcon.colcon_core.package_identification:_identify(/home/evolveros1/create3_main/log) by extensions ['ignore', 'ignore_ament_install']
[2.848s] Level 1:colcon.colcon_core.package_identification:_identify(/home/evolveros1/create3_main/log) by extension 'ignore'
[2.848s] Level 1:colcon.colcon_core.package_identification:_identify(/home/evolveros1/create3_main/log) ignored
[2.848s] Level 1:colcon.colcon_core.package_identification:_identify(/home/evolveros1/create3_main/src) by extensions ['ignore', 'ignore_ament_install']
[2.848s] Level 1:colcon.colcon_core.package_identification:_identify(/home/evolveros1/create3_main/src) by extension 'ignore'
[2.848s] Level 1:colcon.colcon_core.package_identification:_identify(/home/evolveros1/create3_main/src) by extension 'ignore_ament_install'
[2.848s] Level 1:colcon.colcon_core.package_identification:_identify(/home/evolveros1/create3_main/src) by extensions ['colcon_pkg']
[2.848s] Level 1:colcon.colcon_core.package_identification:_identify(/home/evolveros1/create3_main/src) by extension 'colcon_pkg'
[2.848s] Level 1:colcon.colcon_core.package_identification:_identify(/home/evolveros1/create3_main/src) by extensions ['colcon_meta']
[2.848s] Level 1:colcon.colcon_core.package_identification:_identify(/home/evolveros1/create3_main/src) by extension 'colcon_meta'
[2.848s] Level 1:colcon.colcon_core.package_identification:_identify(/home/evolveros1/create3_main/src) by extensions ['ros']
[2.849s] Level 1:colcon.colcon_core.package_identification:_identify(/home/evolveros1/create3_main/src) by extension 'ros'
[2.849s] Level 1:colcon.colcon_core.package_identification:_identify(/home/evolveros1/create3_main/src) by extensions ['cmake', 'python']
[2.849s] Level 1:colcon.colcon_core.package_identification:_identify(/home/evolveros1/create3_main/src) by extension 'cmake'
[2.849s] Level 1:colcon.colcon_core.package_identification:_identify(/home/evolveros1/create3_main/src) by extension 'python'
[2.849s] Level 1:colcon.colcon_core.package_identification:_identify(/home/evolveros1/create3_main/src) by extensions ['python_setup_py']
[2.849s] Level 1:colcon.colcon_core.package_identification:_identify(/home/evolveros1/create3_main/src) by extension 'python_setup_py'
[2.849s] Level 1:colcon.colcon_core.package_identification:_identify(/home/evolveros1/create3_main/src/create3_msg_transfer) by extensions ['ignore', 'ignore_ament_install']
[2.849s] Level 1:colcon.colcon_core.package_identification:_identify(/home/evolveros1/create3_main/src/create3_msg_transfer) by extension 'ignore'
[2.849s] Level 1:colcon.colcon_core.package_identification:_identify(/home/evolveros1/create3_main/src/create3_msg_transfer) by extension 'ignore_ament_install'
[2.849s] Level 1:colcon.colcon_core.package_identification:_identify(/home/evolveros1/create3_main/src/create3_msg_transfer) by extensions ['colcon_pkg']
[2.849s] Level 1:colcon.colcon_core.package_identification:_identify(/home/evolveros1/create3_main/src/create3_msg_transfer) by extension 'colcon_pkg'
[2.849s] Level 1:colcon.colcon_core.package_identification:_identify(/home/evolveros1/create3_main/src/create3_msg_transfer) by extensions ['colcon_meta']
[2.849s] Level 1:colcon.colcon_core.package_identification:_identify(/home/evolveros1/create3_main/src/create3_msg_transfer) by extension 'colcon_meta'
[2.850s] Level 1:colcon.colcon_core.package_identification:_identify(/home/evolveros1/create3_main/src/create3_msg_transfer) by extensions ['ros']
[2.850s] Level 1:colcon.colcon_core.package_identification:_identify(/home/evolveros1/create3_main/src/create3_msg_transfer) by extension 'ros'
[2.858s] DEBUG:colcon.colcon_core.package_identification:Package '/home/evolveros1/create3_main/src/create3_msg_transfer' with type 'ros.ament_python' and name 'create3_msg_transfer'
[2.858s] Level 1:colcon.colcon_core.package_discovery:discover_packages(recursive) using defaults
