[0.910s] Invoking command in '/home/evolveros1/create3_main/src/create3_msg_transfer': PYTHONPATH=/home/evolveros1/create3_main/build/create3_msg_transfer/prefix_override:/usr/lib/python3/dist-packages/colcon_core/task/python/colcon_distutils_commands:/home/evolveros1/create3_main/install/create3_msg_transfer/lib/python3.10/site-packages:${PYTHONPATH} /usr/bin/python3 -W ignore:setup.py install is deprecated -W ignore:easy_install command is deprecated setup.py egg_info --egg-base ../../build/create3_msg_transfer build --build-base /home/evolveros1/create3_main/build/create3_msg_transfer/build install --record /home/evolveros1/create3_main/build/create3_msg_transfer/install.log --single-version-externally-managed install_data
[1.280s] running egg_info
[1.281s] writing ../../build/create3_msg_transfer/create3_msg_transfer.egg-info/PKG-INFO
[1.281s] writing dependency_links to ../../build/create3_msg_transfer/create3_msg_transfer.egg-info/dependency_links.txt
[1.281s] writing entry points to ../../build/create3_msg_transfer/create3_msg_transfer.egg-info/entry_points.txt
[1.281s] writing requirements to ../../build/create3_msg_transfer/create3_msg_transfer.egg-info/requires.txt
[1.282s] writing top-level names to ../../build/create3_msg_transfer/create3_msg_transfer.egg-info/top_level.txt
[1.284s] reading manifest file '../../build/create3_msg_transfer/create3_msg_transfer.egg-info/SOURCES.txt'
[1.285s] writing manifest file '../../build/create3_msg_transfer/create3_msg_transfer.egg-info/SOURCES.txt'
[1.285s] running build
[1.285s] running build_py
[1.286s] copying create3_msg_transfer/tf_subscriber.py -> /home/evolveros1/create3_main/build/create3_msg_transfer/build/lib/create3_msg_transfer
[1.286s] copying create3_msg_transfer/battery_state_subscriber.py -> /home/evolveros1/create3_main/build/create3_msg_transfer/build/lib/create3_msg_transfer
[1.286s] copying create3_msg_transfer/wheel_vels_subscriber.py -> /home/evolveros1/create3_main/build/create3_msg_transfer/build/lib/create3_msg_transfer
[1.286s] copying create3_msg_transfer/wheel_ticks_subscriber.py -> /home/evolveros1/create3_main/build/create3_msg_transfer/build/lib/create3_msg_transfer
[1.287s] copying create3_msg_transfer/kidnap_status_subscriber.py -> /home/evolveros1/create3_main/build/create3_msg_transfer/build/lib/create3_msg_transfer
[1.287s] copying create3_msg_transfer/dock_status_subscriber.py -> /home/evolveros1/create3_main/build/create3_msg_transfer/build/lib/create3_msg_transfer
[1.287s] copying create3_msg_transfer/mouse_subscriber.py -> /home/evolveros1/create3_main/build/create3_msg_transfer/build/lib/create3_msg_transfer
[1.287s] copying create3_msg_transfer/ir_intensity_subscriber.py -> /home/evolveros1/create3_main/build/create3_msg_transfer/build/lib/create3_msg_transfer
[1.288s] copying create3_msg_transfer/wheel_status_subscriber.py -> /home/evolveros1/create3_main/build/create3_msg_transfer/build/lib/create3_msg_transfer
[1.288s] copying create3_msg_transfer/slip_status_subscriber.py -> /home/evolveros1/create3_main/build/create3_msg_transfer/build/lib/create3_msg_transfer
[1.288s] copying create3_msg_transfer/imu_subscriber.py -> /home/evolveros1/create3_main/build/create3_msg_transfer/build/lib/create3_msg_transfer
[1.289s] copying create3_msg_transfer/odom_subscriber.py -> /home/evolveros1/create3_main/build/create3_msg_transfer/build/lib/create3_msg_transfer
[1.289s] copying create3_msg_transfer/cliff_intensity_subscriber.py -> /home/evolveros1/create3_main/build/create3_msg_transfer/build/lib/create3_msg_transfer
[1.289s] copying create3_msg_transfer/stop_status_subscriber.py -> /home/evolveros1/create3_main/build/create3_msg_transfer/build/lib/create3_msg_transfer
[1.289s] copying create3_msg_transfer/ir_opcode_subscriber.py -> /home/evolveros1/create3_main/build/create3_msg_transfer/build/lib/create3_msg_transfer
[1.290s] running install
[1.290s] running install_lib
[1.291s] copying /home/evolveros1/create3_main/build/create3_msg_transfer/build/lib/create3_msg_transfer/tf_subscriber.py -> /home/evolveros1/create3_main/install/create3_msg_transfer/lib/python3.10/site-packages/create3_msg_transfer
[1.291s] copying /home/evolveros1/create3_main/build/create3_msg_transfer/build/lib/create3_msg_transfer/battery_state_subscriber.py -> /home/evolveros1/create3_main/install/create3_msg_transfer/lib/python3.10/site-packages/create3_msg_transfer
[1.294s] copying /home/evolveros1/create3_main/build/create3_msg_transfer/build/lib/create3_msg_transfer/wheel_vels_subscriber.py -> /home/evolveros1/create3_main/install/create3_msg_transfer/lib/python3.10/site-packages/create3_msg_transfer
[1.294s] copying /home/evolveros1/create3_main/build/create3_msg_transfer/build/lib/create3_msg_transfer/wheel_ticks_subscriber.py -> /home/evolveros1/create3_main/install/create3_msg_transfer/lib/python3.10/site-packages/create3_msg_transfer
[1.294s] copying /home/evolveros1/create3_main/build/create3_msg_transfer/build/lib/create3_msg_transfer/kidnap_status_subscriber.py -> /home/evolveros1/create3_main/install/create3_msg_transfer/lib/python3.10/site-packages/create3_msg_transfer
[1.294s] copying /home/evolveros1/create3_main/build/create3_msg_transfer/build/lib/create3_msg_transfer/dock_status_subscriber.py -> /home/evolveros1/create3_main/install/create3_msg_transfer/lib/python3.10/site-packages/create3_msg_transfer
[1.294s] copying /home/evolveros1/create3_main/build/create3_msg_transfer/build/lib/create3_msg_transfer/mouse_subscriber.py -> /home/evolveros1/create3_main/install/create3_msg_transfer/lib/python3.10/site-packages/create3_msg_transfer
[1.295s] copying /home/evolveros1/create3_main/build/create3_msg_transfer/build/lib/create3_msg_transfer/ir_intensity_subscriber.py -> /home/evolveros1/create3_main/install/create3_msg_transfer/lib/python3.10/site-packages/create3_msg_transfer
[1.295s] copying /home/evolveros1/create3_main/build/create3_msg_transfer/build/lib/create3_msg_transfer/wheel_status_subscriber.py -> /home/evolveros1/create3_main/install/create3_msg_transfer/lib/python3.10/site-packages/create3_msg_transfer
[1.295s] copying /home/evolveros1/create3_main/build/create3_msg_transfer/build/lib/create3_msg_transfer/slip_status_subscriber.py -> /home/evolveros1/create3_main/install/create3_msg_transfer/lib/python3.10/site-packages/create3_msg_transfer
[1.295s] copying /home/evolveros1/create3_main/build/create3_msg_transfer/build/lib/create3_msg_transfer/imu_subscriber.py -> /home/evolveros1/create3_main/install/create3_msg_transfer/lib/python3.10/site-packages/create3_msg_transfer
[1.295s] copying /home/evolveros1/create3_main/build/create3_msg_transfer/build/lib/create3_msg_transfer/odom_subscriber.py -> /home/evolveros1/create3_main/install/create3_msg_transfer/lib/python3.10/site-packages/create3_msg_transfer
[1.296s] copying /home/evolveros1/create3_main/build/create3_msg_transfer/build/lib/create3_msg_transfer/cliff_intensity_subscriber.py -> /home/evolveros1/create3_main/install/create3_msg_transfer/lib/python3.10/site-packages/create3_msg_transfer
[1.296s] copying /home/evolveros1/create3_main/build/create3_msg_transfer/build/lib/create3_msg_transfer/stop_status_subscriber.py -> /home/evolveros1/create3_main/install/create3_msg_transfer/lib/python3.10/site-packages/create3_msg_transfer
[1.296s] copying /home/evolveros1/create3_main/build/create3_msg_transfer/build/lib/create3_msg_transfer/ir_opcode_subscriber.py -> /home/evolveros1/create3_main/install/create3_msg_transfer/lib/python3.10/site-packages/create3_msg_transfer
[1.296s] byte-compiling /home/evolveros1/create3_main/install/create3_msg_transfer/lib/python3.10/site-packages/create3_msg_transfer/tf_subscriber.py to tf_subscriber.cpython-310.pyc
[1.296s] byte-compiling /home/evolveros1/create3_main/install/create3_msg_transfer/lib/python3.10/site-packages/create3_msg_transfer/battery_state_subscriber.py to battery_state_subscriber.cpython-310.pyc
[1.297s] byte-compiling /home/evolveros1/create3_main/install/create3_msg_transfer/lib/python3.10/site-packages/create3_msg_transfer/wheel_vels_subscriber.py to wheel_vels_subscriber.cpython-310.pyc
[1.298s] byte-compiling /home/evolveros1/create3_main/install/create3_msg_transfer/lib/python3.10/site-packages/create3_msg_transfer/wheel_ticks_subscriber.py to wheel_ticks_subscriber.cpython-310.pyc
[1.298s] byte-compiling /home/evolveros1/create3_main/install/create3_msg_transfer/lib/python3.10/site-packages/create3_msg_transfer/kidnap_status_subscriber.py to kidnap_status_subscriber.cpython-310.pyc
[1.299s] byte-compiling /home/evolveros1/create3_main/install/create3_msg_transfer/lib/python3.10/site-packages/create3_msg_transfer/dock_status_subscriber.py to dock_status_subscriber.cpython-310.pyc
[1.300s] byte-compiling /home/evolveros1/create3_main/install/create3_msg_transfer/lib/python3.10/site-packages/create3_msg_transfer/mouse_subscriber.py to mouse_subscriber.cpython-310.pyc
[1.300s] byte-compiling /home/evolveros1/create3_main/install/create3_msg_transfer/lib/python3.10/site-packages/create3_msg_transfer/ir_intensity_subscriber.py to ir_intensity_subscriber.cpython-310.pyc
[1.301s] byte-compiling /home/evolveros1/create3_main/install/create3_msg_transfer/lib/python3.10/site-packages/create3_msg_transfer/wheel_status_subscriber.py to wheel_status_subscriber.cpython-310.pyc
[1.303s] byte-compiling /home/evolveros1/create3_main/install/create3_msg_transfer/lib/python3.10/site-packages/create3_msg_transfer/slip_status_subscriber.py to slip_status_subscriber.cpython-310.pyc
[1.303s] byte-compiling /home/evolveros1/create3_main/install/create3_msg_transfer/lib/python3.10/site-packages/create3_msg_transfer/imu_subscriber.py to imu_subscriber.cpython-310.pyc
[1.304s] byte-compiling /home/evolveros1/create3_main/install/create3_msg_transfer/lib/python3.10/site-packages/create3_msg_transfer/odom_subscriber.py to odom_subscriber.cpython-310.pyc
[1.306s] byte-compiling /home/evolveros1/create3_main/install/create3_msg_transfer/lib/python3.10/site-packages/create3_msg_transfer/cliff_intensity_subscriber.py to cliff_intensity_subscriber.cpython-310.pyc
[1.311s] byte-compiling /home/evolveros1/create3_main/install/create3_msg_transfer/lib/python3.10/site-packages/create3_msg_transfer/stop_status_subscriber.py to stop_status_subscriber.cpython-310.pyc
[1.311s] byte-compiling /home/evolveros1/create3_main/install/create3_msg_transfer/lib/python3.10/site-packages/create3_msg_transfer/ir_opcode_subscriber.py to ir_opcode_subscriber.cpython-310.pyc
[1.311s] running install_data
[1.311s] running install_egg_info
[1.313s] removing '/home/evolveros1/create3_main/install/create3_msg_transfer/lib/python3.10/site-packages/create3_msg_transfer-0.0.0-py3.10.egg-info' (and everything under it)
[1.744s] Copying ../../build/create3_msg_transfer/create3_msg_transfer.egg-info to /home/evolveros1/create3_main/install/create3_msg_transfer/lib/python3.10/site-packages/create3_msg_transfer-0.0.0-py3.10.egg-info
[1.751s] running install_scripts
[1.794s] Installing battery_state_subscriber script to /home/evolveros1/create3_main/install/create3_msg_transfer/lib/create3_msg_transfer
[1.795s] Installing cliff_intensity_subscriber script to /home/evolveros1/create3_main/install/create3_msg_transfer/lib/create3_msg_transfer
[1.795s] Installing dock_status_subscriber script to /home/evolveros1/create3_main/install/create3_msg_transfer/lib/create3_msg_transfer
[1.795s] Installing imu_subscriber script to /home/evolveros1/create3_main/install/create3_msg_transfer/lib/create3_msg_transfer
[1.795s] Installing ir_intensity_subscriber script to /home/evolveros1/create3_main/install/create3_msg_transfer/lib/create3_msg_transfer
[1.795s] Installing ir_opcode_subscriber script to /home/evolveros1/create3_main/install/create3_msg_transfer/lib/create3_msg_transfer
[1.796s] Installing kidnap_status_subscriber script to /home/evolveros1/create3_main/install/create3_msg_transfer/lib/create3_msg_transfer
[1.796s] Installing mouse_subscriber script to /home/evolveros1/create3_main/install/create3_msg_transfer/lib/create3_msg_transfer
[1.796s] Installing odom_subscriber script to /home/evolveros1/create3_main/install/create3_msg_transfer/lib/create3_msg_transfer
[1.796s] Installing slip_status_subscriber script to /home/evolveros1/create3_main/install/create3_msg_transfer/lib/create3_msg_transfer
[1.796s] Installing stop_status_subscriber script to /home/evolveros1/create3_main/install/create3_msg_transfer/lib/create3_msg_transfer
[1.796s] Installing tf_subscriber script to /home/evolveros1/create3_main/install/create3_msg_transfer/lib/create3_msg_transfer
[1.796s] Installing wheel_status_subscriber script to /home/evolveros1/create3_main/install/create3_msg_transfer/lib/create3_msg_transfer
[1.797s] Installing wheel_ticks_subscriber script to /home/evolveros1/create3_main/install/create3_msg_transfer/lib/create3_msg_transfer
[1.797s] Installing wheel_vels_subscriber script to /home/evolveros1/create3_main/install/create3_msg_transfer/lib/create3_msg_transfer
[1.797s] writing list of installed files to '/home/evolveros1/create3_main/build/create3_msg_transfer/install.log'
[1.831s] Invoked command in '/home/evolveros1/create3_main/src/create3_msg_transfer' returned '0': PYTHONPATH=/home/evolveros1/create3_main/build/create3_msg_transfer/prefix_override:/usr/lib/python3/dist-packages/colcon_core/task/python/colcon_distutils_commands:/home/evolveros1/create3_main/install/create3_msg_transfer/lib/python3.10/site-packages:${PYTHONPATH} /usr/bin/python3 -W ignore:setup.py install is deprecated -W ignore:easy_install command is deprecated setup.py egg_info --egg-base ../../build/create3_msg_transfer build --build-base /home/evolveros1/create3_main/build/create3_msg_transfer/build install --record /home/evolveros1/create3_main/build/create3_msg_transfer/install.log --single-version-externally-managed install_data
