[20.549s] DEBUG:colcon:Command line arguments: ['/usr/bin/colcon', 'build']
[20.549s] DEBUG:colcon:Parsed command line arguments: Namespace(log_base=None, log_level=None, verb_name='build', build_base='build', install_base='install', merge_install=False, symlink_install=False, test_result_base=None, continue_on_error=False, executor='parallel', parallel_workers=4, event_handlers=None, ignore_user_meta=False, metas=['./colcon.meta'], base_paths=['.'], packages_ignore=None, packages_ignore_regex=None, paths=None, packages_up_to=None, packages_up_to_regex=None, packages_above=None, packages_above_and_dependencies=None, packages_above_depth=None, packages_select_by_dep=None, packages_skip_by_dep=None, packages_skip_up_to=None, packages_select_build_failed=False, packages_skip_build_finished=False, packages_select_test_failures=False, packages_skip_test_passed=False, packages_select=None, packages_skip=None, packages_select_regex=None, packages_skip_regex=None, packages_start=None, packages_end=None, allow_overriding=[], cmake_args=None, cmake_target=None, cmake_target_skip_unavailable=False, cmake_clean_cache=False, cmake_clean_first=False, cmake_force_configure=False, ament_cmake_args=None, catkin_cmake_args=None, catkin_skip_building_tests=False, mixin_files=None, mixin=None, verb_parser=<colcon_mixin.mixin.mixin_argument.MixinArgumentDecorator object at 0x7fe2f4a6e380>, verb_extension=<colcon_core.verb.build.BuildVerb object at 0x7fe2f4a6fd00>, main=<bound method BuildVerb.main of <colcon_core.verb.build.BuildVerb object at 0x7fe2f4a6fd00>>, mixin_verb=('build',))
[40.862s] Level 1:colcon.colcon_core.package_discovery:discover_packages(colcon_meta) check parameters
[40.863s] Level 1:colcon.colcon_core.package_discovery:discover_packages(recursive) check parameters
[40.863s] Level 1:colcon.colcon_core.package_discovery:discover_packages(ignore) check parameters
[40.863s] Level 1:colcon.colcon_core.package_discovery:discover_packages(path) check parameters
[40.864s] Level 1:colcon.colcon_core.package_discovery:discover_packages(colcon_meta) discover
[40.864s] Level 1:colcon.colcon_core.package_discovery:discover_packages(recursive) discover
[40.864s] INFO:colcon.colcon_core.package_discovery:Crawling recursively for packages in '/home/evolveros1/create3_main'
[40.865s] Level 1:colcon.colcon_core.package_identification:_identify(.) by extensions ['ignore', 'ignore_ament_install']
[40.867s] Level 1:colcon.colcon_core.package_identification:_identify(.) by extension 'ignore'
[40.868s] Level 1:colcon.colcon_core.package_identification:_identify(.) by extension 'ignore_ament_install'
[40.868s] Level 1:colcon.colcon_core.package_identification:_identify(.) by extensions ['colcon_pkg']
[40.868s] Level 1:colcon.colcon_core.package_identification:_identify(.) by extension 'colcon_pkg'
[40.869s] Level 1:colcon.colcon_core.package_identification:_identify(.) by extensions ['colcon_meta']
[40.869s] Level 1:colcon.colcon_core.package_identification:_identify(.) by extension 'colcon_meta'
[40.869s] Level 1:colcon.colcon_core.package_identification:_identify(.) by extensions ['ros']
[40.870s] Level 1:colcon.colcon_core.package_identification:_identify(.) by extension 'ros'
[41.149s] Level 1:colcon.colcon_core.package_identification:_identify(.) by extensions ['cmake', 'python']
[41.149s] Level 1:colcon.colcon_core.package_identification:_identify(.) by extension 'cmake'
[41.150s] Level 1:colcon.colcon_core.package_identification:_identify(.) by extension 'python'
[41.150s] Level 1:colcon.colcon_core.package_identification:_identify(.) by extensions ['python_setup_py']
[41.150s] Level 1:colcon.colcon_core.package_identification:_identify(.) by extension 'python_setup_py'
[41.150s] Level 1:colcon.colcon_core.package_identification:_identify(build) by extensions ['ignore', 'ignore_ament_install']
[41.151s] Level 1:colcon.colcon_core.package_identification:_identify(build) by extension 'ignore'
[41.151s] Level 1:colcon.colcon_core.package_identification:_identify(build) ignored
[41.151s] Level 1:colcon.colcon_core.package_identification:_identify(install) by extensions ['ignore', 'ignore_ament_install']
[41.152s] Level 1:colcon.colcon_core.package_identification:_identify(install) by extension 'ignore'
[41.152s] Level 1:colcon.colcon_core.package_identification:_identify(install) ignored
[41.152s] Level 1:colcon.colcon_core.package_identification:_identify(log) by extensions ['ignore', 'ignore_ament_install']
[41.152s] Level 1:colcon.colcon_core.package_identification:_identify(log) by extension 'ignore'
[41.153s] Level 1:colcon.colcon_core.package_identification:_identify(log) ignored
[41.154s] Level 1:colcon.colcon_core.package_identification:_identify(src) by extensions ['ignore', 'ignore_ament_install']
[41.154s] Level 1:colcon.colcon_core.package_identification:_identify(src) by extension 'ignore'
[41.154s] Level 1:colcon.colcon_core.package_identification:_identify(src) by extension 'ignore_ament_install'
[41.155s] Level 1:colcon.colcon_core.package_identification:_identify(src) by extensions ['colcon_pkg']
[41.155s] Level 1:colcon.colcon_core.package_identification:_identify(src) by extension 'colcon_pkg'
[41.155s] Level 1:colcon.colcon_core.package_identification:_identify(src) by extensions ['colcon_meta']
[41.155s] Level 1:colcon.colcon_core.package_identification:_identify(src) by extension 'colcon_meta'
[41.155s] Level 1:colcon.colcon_core.package_identification:_identify(src) by extensions ['ros']
[41.155s] Level 1:colcon.colcon_core.package_identification:_identify(src) by extension 'ros'
[41.155s] Level 1:colcon.colcon_core.package_identification:_identify(src) by extensions ['cmake', 'python']
[41.156s] Level 1:colcon.colcon_core.package_identification:_identify(src) by extension 'cmake'
[41.156s] Level 1:colcon.colcon_core.package_identification:_identify(src) by extension 'python'
[41.156s] Level 1:colcon.colcon_core.package_identification:_identify(src) by extensions ['python_setup_py']
[41.156s] Level 1:colcon.colcon_core.package_identification:_identify(src) by extension 'python_setup_py'
[41.156s] Level 1:colcon.colcon_core.package_discovery:discover_packages(recursive) using defaults
[41.157s] Level 1:colcon.colcon_core.package_discovery:discover_packages(ignore) discover
[41.157s] Level 1:colcon.colcon_core.package_discovery:discover_packages(ignore) using defaults
[41.158s] Level 1:colcon.colcon_core.package_discovery:discover_packages(path) discover
[41.158s] Level 1:colcon.colcon_core.package_discovery:discover_packages(path) using defaults
[41.671s] Level 1:colcon.colcon_core.package_discovery:discover_packages(prefix_path) check parameters
[41.671s] Level 1:colcon.colcon_core.package_discovery:discover_packages(prefix_path) discover
[41.944s] DEBUG:colcon.colcon_installed_package_information.package_discovery:Found 1 installed packages in /home/evolveros1/ros2_ws/install
[41.948s] DEBUG:colcon.colcon_installed_package_information.package_discovery:Found 282 installed packages in /opt/ros/iron
[41.955s] Level 1:colcon.colcon_core.package_discovery:discover_packages(prefix_path) using defaults
[42.089s] INFO:colcon.colcon_core.executor:Executing jobs using 'parallel' executor
[42.090s] DEBUG:colcon.colcon_parallel_executor.executor.parallel:run_until_complete
[42.091s] DEBUG:colcon.colcon_parallel_executor.executor.parallel:closing loop
[42.091s] DEBUG:colcon.colcon_parallel_executor.executor.parallel:loop closed
[42.091s] DEBUG:colcon.colcon_parallel_executor.executor.parallel:run_until_complete finished with '0'
[42.091s] DEBUG:colcon.colcon_core.event_reactor:joining thread
[42.614s] INFO:colcon.colcon_core.plugin_system:Skipping extension 'colcon_notification.desktop_notification.notify_send': Could not find 'notify-send'
[42.614s] INFO:colcon.colcon_core.plugin_system:Skipping extension 'colcon_notification.desktop_notification.terminal_notifier': Not used on non-Darwin systems
[42.614s] INFO:colcon.colcon_core.plugin_system:Skipping extension 'colcon_notification.desktop_notification.win32': Not used on non-Windows systems
[42.614s] INFO:colcon.colcon_notification.desktop_notification:Sending desktop notification using 'notify2'
[42.614s] DEBUG:colcon.colcon_notification.desktop_notification.notify2:Failed to initialize notify2: org.freedesktop.DBus.Error.NotSupported: Unable to autolaunch a dbus-daemon without a $DISPLAY for X11
[42.614s] DEBUG:colcon.colcon_core.event_reactor:joined thread
[43.166s] INFO:colcon.colcon_core.plugin_system:Skipping extension 'colcon_core.shell.bat': Not used on non-Windows systems
[43.167s] INFO:colcon.colcon_core.shell:Creating prefix script '/home/evolveros1/create3_main/install/local_setup.ps1'
[43.171s] INFO:colcon.colcon_core.shell:Creating prefix util module '/home/evolveros1/create3_main/install/_local_setup_util_ps1.py'
[43.174s] INFO:colcon.colcon_core.shell:Creating prefix chain script '/home/evolveros1/create3_main/install/setup.ps1'
[43.176s] INFO:colcon.colcon_core.shell:Creating prefix script '/home/evolveros1/create3_main/install/local_setup.sh'
[43.177s] INFO:colcon.colcon_core.shell:Creating prefix util module '/home/evolveros1/create3_main/install/_local_setup_util_sh.py'
[43.178s] INFO:colcon.colcon_core.shell:Creating prefix chain script '/home/evolveros1/create3_main/install/setup.sh'
[43.180s] INFO:colcon.colcon_core.shell:Creating prefix script '/home/evolveros1/create3_main/install/local_setup.bash'
[43.180s] INFO:colcon.colcon_core.shell:Creating prefix chain script '/home/evolveros1/create3_main/install/setup.bash'
[43.182s] INFO:colcon.colcon_core.shell:Creating prefix script '/home/evolveros1/create3_main/install/local_setup.zsh'
[43.392s] INFO:colcon.colcon_core.shell:Creating prefix chain script '/home/evolveros1/create3_main/install/setup.zsh'
